0 verbose cli /usr/local/bin/node /usr/local/bin/npm
1 info using npm@10.5.0
2 info using node@v20.12.2
3 timing npm:load:whichnode Completed in 2ms
4 timing config:load:defaults Completed in 2ms
5 timing config:load:file:/usr/local/lib/node_modules/npm/npmrc Completed in 1ms
6 timing config:load:builtin Completed in 2ms
7 timing config:load:cli Completed in 2ms
8 timing config:load:env Completed in 1ms
9 timing config:load:project Completed in 12ms
10 timing config:load:file:/root/.npmrc Completed in 6ms
11 timing config:load:user Completed in 6ms
12 timing config:load:file:/usr/local/etc/npmrc Completed in 0ms
13 timing config:load:global Completed in 1ms
14 timing config:load:setEnvs Completed in 0ms
15 timing config:load Completed in 26ms
16 timing npm:load:configload Completed in 26ms
17 timing config:load:flatten Completed in 2ms
18 timing npm:load:mkdirpcache Completed in 4ms
19 timing npm:load:mkdirplogs Completed in 6ms
20 verbose title npm install npm
21 verbose argv "install" "npm" "--global" "--ca" "null"
22 timing npm:load:setTitle Completed in 1ms
23 timing npm:load:display Completed in 0ms
24 verbose logfile logs-max:10 dir:/root/.npm/_logs/2025-01-03T15_58_23_382Z-
25 verbose logfile /root/.npm/_logs/2025-01-03T15_58_23_382Z-debug-0.log
26 timing npm:load:logFile Completed in 31ms
27 timing npm:load:timers Completed in 0ms
28 timing npm:load:configScope Completed in 0ms
29 timing npm:load Completed in 89ms
30 timing config:load:flatten Completed in 1ms
31 silly logfile done cleaning log files
32 timing command:install Completed in 70105ms
33 verbose type system
34 verbose stack FetchError: request to https://registry.npmjs.org/npm failed, reason: The "options.ca" property must be of type string or an instance of Buffer, TypedArray, or DataView. Received null
34 verbose stack     at ClientRequest.<anonymous> (/usr/local/lib/node_modules/npm/node_modules/minipass-fetch/lib/index.js:130:14)
34 verbose stack     at ClientRequest.emit (node:events:518:28)
34 verbose stack     at _destroy (node:_http_client:880:13)
34 verbose stack     at onSocketNT (node:_http_client:900:5)
34 verbose stack     at process.processTicksAndRejections (node:internal/process/task_queues:83:21)
35 verbose cwd /root
36 verbose Linux 5.15.153.1-microsoft-standard-WSL2
37 verbose node v20.12.2
38 verbose npm  v10.5.0
39 error code ERR_INVALID_ARG_TYPE
40 error errno ERR_INVALID_ARG_TYPE
41 error request to https://registry.npmjs.org/npm failed, reason: The "options.ca" property must be of type string or an instance of Buffer, TypedArray, or DataView. Received null
42 verbose exit 1
43 timing npm Completed in 70392ms
44 verbose code 1
45 error A complete log of this run can be found in: /root/.npm/_logs/2025-01-03T15_58_23_382Z-debug-0.log
